<?xml version="1.0" encoding="UTF-8"?>
<!-- Generated by org.testng.reporters.JUnitReportReporter -->
<testsuite skipped="0" hostname="LKSRIWL-999K1N2" name="test.seleniumbasic2" tests="1" failures="0" timestamp="19 Apr 2020 07:33:50 GMT" time="17.675" errors="0">
  <testcase name="test" time="17.675" classname="test.seleniumbasic2"/>
</testsuite> <!-- test.seleniumbasic2 -->
