<?xml version="1.0" encoding="UTF-8"?>
<!-- Generated by org.testng.reporters.JUnitReportReporter -->
<testsuite skipped="0" hostname="LKSRIWL-999K1N2" name="test.pageobjectTest" tests="1" failures="0" timestamp="19 Apr 2020 09:05:08 GMT" time="11.854" errors="0">
  <testcase name="test_Home_Page_Appear_Correct" time="11.854" classname="test.pageobjectTest"/>
</testsuite> <!-- test.pageobjectTest -->
