<?xml version="1.0" encoding="UTF-8"?>
<!-- Generated by org.testng.reporters.JUnitReportReporter -->
<testsuite skipped="0" hostname="LKSRIWL-999K1N2" name="test.ExcelDrivenTest" tests="1" failures="0" timestamp="19 Apr 2020 11:38:17 GMT" time="14.425" errors="0">
  <testcase name="test_Home_Page_Appear_Correct" time="14.425" classname="test.ExcelDrivenTest"/>
</testsuite> <!-- test.ExcelDrivenTest -->
