<?xml version="1.0" encoding="UTF-8"?>
<!-- Generated by org.testng.reporters.JUnitReportReporter -->
<testsuite skipped="0" hostname="LKSRIWL-999K1N2" name="Runner.TestRunner" tests="1" failures="0" timestamp="03 May 2020 05:07:50 GMT" time="12.313" errors="0">
  <testcase name="feature" time="12.313" classname="Runner.TestRunner"/>
</testsuite> <!-- Runner.TestRunner -->
