<?xml version="1.0" encoding="UTF-8"?>
<!-- Generated by org.testng.reporters.JUnitReportReporter -->
<testsuite skipped="0" hostname="LKSRIWL-999K1N2" name="test.seleniumbasic" tests="1" failures="0" timestamp="19 Apr 2020 07:20:32 GMT" time="12.538" errors="0">
  <testcase name="test" time="12.538" classname="test.seleniumbasic"/>
</testsuite> <!-- test.seleniumbasic -->
