<?xml version="1.0" encoding="UTF-8"?>
<!-- Generated by org.testng.reporters.JUnitReportReporter -->
<testsuite skipped="0" hostname="LKSRIWL-999K1N2" name="test.pageobjectTest" tests="1" failures="0" timestamp="26 Apr 2020 05:04:11 GMT" time="13.266" errors="0">
  <testcase name="test_Home_Page_Appear_Correct" time="13.266" classname="test.pageobjectTest"/>
</testsuite> <!-- test.pageobjectTest -->
